<?xml version="1.0" encoding="UTF-8"?>
<!-- Generated by org.testng.reporters.JUnitReportReporter -->
<testsuite hostname="DESKTOP-P5V502I" failures="0" tests="3" name="com.test.Chksequence" time="25.336" errors="0" timestamp="2021-03-30T15:12:05 PDT" skipped="1">
  <testcase classname="com.test.Chksequence" name="GmailLinkTest" time="12.913"/>
  <system-out/>
  <testcase classname="com.test.Chksequence" name="ChkGoogle" time="12.423"/>
  <system-out/>
  <testcase classname="com.test.Chksequence" name="GoogleLogoTest">
    <skipped/>
  </testcase> <!-- GoogleLogoTest -->
  <system-out/>
</testsuite> <!-- com.test.Chksequence -->
