<?xml version="1.0" encoding="UTF-8"?>
<!-- Generated by org.testng.reporters.JUnitReportReporter -->
<testsuite hostname="DESKTOP-P5V502I" failures="0" tests="2" name="com.test.TestNgBasics" time="0.002" errors="0" timestamp="2021-03-23T10:56:15 PDT" skipped="0">
  <testcase classname="com.test.TestNgBasics" name="searchtest" time="0.001"/>
  <system-out/>
  <testcase classname="com.test.TestNgBasics" name="googleTitletest" time="0.001"/>
  <system-out/>
</testsuite> <!-- com.test.TestNgBasics -->
