<?xml version="1.0" encoding="UTF-8"?>
<!-- Generated by org.testng.reporters.JUnitReportReporter -->
<testsuite hostname="DESKTOP-P5V502I" failures="0" tests="1" name="com.test.halfEbayTest" time="52.869" errors="0" timestamp="2021-03-30T19:55:01 PDT" skipped="0">
  <testcase classname="com.test.halfEbayTest" name="searchText" time="52.869"/>
  <system-out/>
</testsuite> <!-- com.test.halfEbayTest -->
