<?xml version="1.0" encoding="UTF-8"?>
<!-- Generated by org.testng.reporters.JUnitReportReporter -->
<testsuite hostname="DESKTOP-P5V502I" failures="0" tests="5" name="com.test.ChkGroups" time="0.013" errors="0" timestamp="2021-03-30T15:34:14 PDT" skipped="0">
  <testcase classname="com.test.ChkGroups" name="Method1" time="0.008"/>
  <system-out/>
  <testcase classname="com.test.ChkGroups" name="Method3" time="0.001"/>
  <system-out/>
  <testcase classname="com.test.ChkGroups" name="Method5" time="0.000"/>
  <system-out/>
  <testcase classname="com.test.ChkGroups" name="Method4" time="0.002"/>
  <system-out/>
  <testcase classname="com.test.ChkGroups" name="Method2" time="0.002"/>
  <system-out/>
</testsuite> <!-- com.test.ChkGroups -->
